0 info it worked if it ends with ok
1 verbose cli [ '/home/i3-002/.nvm/versions/node/v4.2.6/bin/node',
1 verbose cli   '/home/i3-002/.nvm/versions/node/v4.2.6/bin/npm',
1 verbose cli   'owner',
1 verbose cli   'ls',
1 verbose cli   'voting_app' ]
2 info using npm@2.14.12
3 info using node@v4.2.6
4 silly mapToRegistry name voting_app
5 silly mapToRegistry using default registry
6 silly mapToRegistry registry https://registry.npmjs.org/
7 silly mapToRegistry uri https://registry.npmjs.org/voting_app
8 verbose request uri https://registry.npmjs.org/voting_app
9 verbose request no auth needed
10 info attempt registry request try #1 at 3:13:31 PM
11 verbose request id 776ec5aa5fab6107
12 http request GET https://registry.npmjs.org/voting_app
13 http 404 https://registry.npmjs.org/voting_app
14 verbose headers { 'content-type': 'application/json',
14 verbose headers   'cache-control': 'max-age=0',
14 verbose headers   'content-length': '2',
14 verbose headers   'accept-ranges': 'bytes',
14 verbose headers   date: 'Fri, 17 Jun 2016 19:13:31 GMT',
14 verbose headers   via: '1.1 varnish',
14 verbose headers   age: '0',
14 verbose headers   connection: 'keep-alive',
14 verbose headers   'x-served-by': 'cache-iad2142-IAD',
14 verbose headers   'x-cache': 'MISS',
14 verbose headers   'x-cache-hits': '0',
14 verbose headers   'x-timer': 'S1466190811.650466,VS0,VE100',
14 verbose headers   vary: 'Accept-Encoding' }
15 silly get cb [ 404,
15 silly get   { 'content-type': 'application/json',
15 silly get     'cache-control': 'max-age=0',
15 silly get     'content-length': '2',
15 silly get     'accept-ranges': 'bytes',
15 silly get     date: 'Fri, 17 Jun 2016 19:13:31 GMT',
15 silly get     via: '1.1 varnish',
15 silly get     age: '0',
15 silly get     connection: 'keep-alive',
15 silly get     'x-served-by': 'cache-iad2142-IAD',
15 silly get     'x-cache': 'MISS',
15 silly get     'x-cache-hits': '0',
15 silly get     'x-timer': 'S1466190811.650466,VS0,VE100',
15 silly get     vary: 'Accept-Encoding' } ]
16 error owner ls Couldn't get owner data voting_app
17 verbose stack Error: Registry returned 404 for GET on https://registry.npmjs.org/voting_app
17 verbose stack     at makeError (/home/i3-002/.nvm/versions/node/v4.2.6/lib/node_modules/npm/node_modules/npm-registry-client/lib/request.js:264:12)
17 verbose stack     at CachingRegistryClient.<anonymous> (/home/i3-002/.nvm/versions/node/v4.2.6/lib/node_modules/npm/node_modules/npm-registry-client/lib/request.js:242:14)
17 verbose stack     at Request._callback (/home/i3-002/.nvm/versions/node/v4.2.6/lib/node_modules/npm/node_modules/npm-registry-client/lib/request.js:172:14)
17 verbose stack     at Request.self.callback (/home/i3-002/.nvm/versions/node/v4.2.6/lib/node_modules/npm/node_modules/request/request.js:198:22)
17 verbose stack     at emitTwo (events.js:87:13)
17 verbose stack     at Request.emit (events.js:172:7)
17 verbose stack     at Request.<anonymous> (/home/i3-002/.nvm/versions/node/v4.2.6/lib/node_modules/npm/node_modules/request/request.js:1082:10)
17 verbose stack     at emitOne (events.js:82:20)
17 verbose stack     at Request.emit (events.js:169:7)
17 verbose stack     at IncomingMessage.<anonymous> (/home/i3-002/.nvm/versions/node/v4.2.6/lib/node_modules/npm/node_modules/request/request.js:1009:12)
18 verbose statusCode 404
19 verbose pkgid voting_app
20 verbose cwd /home/i3-002/Code/fullstack-react/fullstack-react-code/manuscript/fsrcode/one-first_app/voting_app
21 error Linux 4.2.0-38-generic
22 error argv "/home/i3-002/.nvm/versions/node/v4.2.6/bin/node" "/home/i3-002/.nvm/versions/node/v4.2.6/bin/npm" "owner" "ls" "voting_app"
23 error node v4.2.6
24 error npm  v2.14.12
25 error code E404
26 error 404 Registry returned 404 for GET on https://registry.npmjs.org/voting_app
26 error 404
26 error 404 'voting_app' is not in the npm registry.
26 error 404 You should bug the author to publish it (or use the name yourself!)
26 error 404
26 error 404 Note that you can also install from a
26 error 404 tarball, folder, http url, or git url.
27 verbose exit [ 1, true ]
